[23-May-2023 13:28:33 UTC] PHP Deprecated:  Required parameter $args follows optional parameter $depth in /app/web/wp-content/themes/colbycollege/functions.php on line 437
[23-May-2023 13:28:33 UTC] PHP Deprecated:  Required parameter $output follows optional parameter $depth in /app/web/wp-content/themes/colbycollege/functions.php on line 437
[23-May-2023 09:28:33 America/New_York] PHP Deprecated:  Function get_page_by_title is <strong>deprecated</strong> since version 6.2.0! Use WP_Query instead. in /app/web/wp/wp-includes/functions.php on line 5413
[23-May-2023 09:28:33 America/New_York] PHP Warning:  Attempt to read property "ID" on null in /app/web/wp-content/themes/colbycollege/library/admin.php on line 352
[23-May-2023 09:28:33 America/New_York] PHP Notice:  Object of class stdClass could not be converted to int in /app/web/wp-content/themes/colbycollege/library/admin.php on line 356
[23-May-2023 09:28:33 America/New_York] PHP Warning:  Attempt to read property "ID" on null in /app/web/wp-content/themes/colbycollege/library/admin.php on line 357
[23-May-2023 09:28:33 America/New_York] PHP Deprecated:  Function get_page_by_title is <strong>deprecated</strong> since version 6.2.0! Use WP_Query instead. in /app/web/wp/wp-includes/functions.php on line 5413
[23-May-2023 09:28:38 America/New_York] PHP Warning:  Trying to access array offset on value of type bool in /app/web/wp-content/themes/colbycollege/header.php on line 58
[23-May-2023 09:28:38 America/New_York] PHP Warning:  Trying to access array offset on value of type bool in /app/web/wp-content/themes/colbycollege/header.php on line 60
[23-May-2023 09:29:35 America/New_York] PHP Warning:  Trying to access array offset on value of type bool in /app/web/wp-content/themes/colbycollege/header.php on line 58
[23-May-2023 09:29:35 America/New_York] PHP Warning:  Trying to access array offset on value of type bool in /app/web/wp-content/themes/colbycollege/header.php on line 60
[23-May-2023 10:17:32 America/New_York] PHP Warning:  Trying to access array offset on value of type bool in /app/web/wp-content/themes/colbycollege/header.php on line 58
[23-May-2023 10:17:32 America/New_York] PHP Warning:  Trying to access array offset on value of type bool in /app/web/wp-content/themes/colbycollege/header.php on line 60
[23-May-2023 10:19:00 America/New_York] PHP Warning:  Trying to access array offset on value of type bool in /app/web/wp-content/themes/colbycollege/header.php on line 58
[23-May-2023 10:19:00 America/New_York] PHP Warning:  Trying to access array offset on value of type bool in /app/web/wp-content/themes/colbycollege/header.php on line 60
[23-May-2023 14:20:05 UTC] PHP Warning:  require_once(vendor/autoload.php): Failed to open stream: No such file or directory in /app/web/wp-content/plugins/colby-openhours/colby-openhours.php on line 15
[23-May-2023 14:20:05 UTC] WordPress database error Table 'wordpress.wp_users' doesn't exist for query SELECT * FROM wp_users WHERE user_login = 'webmaster@colby.edu' LIMIT 1 made by shutdown_action_hook, do_action('shutdown'), WP_Hook->do_action, WP_Hook->apply_filters, Yoast_Notification_Center->update_storage, Yoast_Notification_Center->remove_storage, Yoast_Notification_Center->has_stored_notifications, Yoast_Notification_Center->get_stored_notifications, get_current_user_id, wp_get_current_user, _wp_get_current_user, apply_filters('determine_current_user'), WP_Hook->apply_filters, wp_validate_logged_in_cookie, wp_validate_auth_cookie, get_user_by, WP_User::get_data_by
[23-May-2023 14:20:19 UTC] PHP Warning:  require_once(vendor/autoload.php): Failed to open stream: No such file or directory in /app/web/wp-content/plugins/colby-openhours/colby-openhours.php on line 15
[23-May-2023 14:23:05 UTC] PHP Warning:  require_once(vendor/autoload.php): Failed to open stream: No such file or directory in /app/web/wp-content/plugins/colby-openhours/colby-openhours.php on line 15
[23-May-2023 14:25:56 UTC] PHP Warning:  require_once(vendor/autoload.php): Failed to open stream: No such file or directory in /app/web/wp-content/plugins/colby-openhours/colby-openhours.php on line 15
[23-May-2023 14:26:19 UTC] PHP Warning:  require_once(vendor/autoload.php): Failed to open stream: No such file or directory in /app/web/wp-content/plugins/colby-openhours/colby-openhours.php on line 15
[23-May-2023 14:26:38 UTC] PHP Warning:  require_once(vendor/autoload.php): Failed to open stream: No such file or directory in /app/web/wp-content/plugins/colby-openhours/colby-openhours.php on line 15
[23-May-2023 14:26:51 UTC] PHP Warning:  require_once(vendor/autoload.php): Failed to open stream: No such file or directory in /app/web/wp-content/plugins/colby-openhours/colby-openhours.php on line 15
[23-May-2023 14:27:43 UTC] PHP Warning:  require_once(vendor/autoload.php): Failed to open stream: No such file or directory in /app/web/wp-content/plugins/colby-openhours/colby-openhours.php on line 15
[23-May-2023 14:27:47 UTC] PHP Warning:  require_once(vendor/autoload.php): Failed to open stream: No such file or directory in /app/web/wp-content/plugins/colby-openhours/colby-openhours.php on line 15
[23-May-2023 14:29:03 UTC] PHP Warning:  require_once(vendor/autoload.php): Failed to open stream: No such file or directory in /app/web/wp-content/plugins/colby-openhours/colby-openhours.php on line 15
[23-May-2023 14:29:07 UTC] PHP Warning:  require_once(vendor/autoload.php): Failed to open stream: No such file or directory in /app/web/wp-content/plugins/colby-openhours/colby-openhours.php on line 15
[23-May-2023 14:29:25 UTC] PHP Warning:  require_once(vendor/autoload.php): Failed to open stream: No such file or directory in /app/web/wp-content/plugins/colby-openhours/colby-openhours.php on line 15
[23-May-2023 14:29:57 UTC] PHP Warning:  require_once(vendor/autoload.php): Failed to open stream: No such file or directory in /app/web/wp-content/plugins/colby-openhours/colby-openhours.php on line 15
[23-May-2023 14:30:03 UTC] PHP Warning:  require_once(vendor/autoload.php): Failed to open stream: No such file or directory in /app/web/wp-content/plugins/colby-openhours/colby-openhours.php on line 15
[23-May-2023 14:35:11 UTC] PHP Warning:  require_once(vendor/autoload.php): Failed to open stream: No such file or directory in /app/web/wp-content/plugins/colby-openhours/colby-openhours.php on line 15
[23-May-2023 14:36:43 UTC] PHP Warning:  require_once(vendor/autoload.php): Failed to open stream: No such file or directory in /app/web/wp-content/plugins/colby-openhours/colby-openhours.php on line 15
[23-May-2023 14:36:43 UTC] PHP Warning:  require_once(vendor/autoload.php): Failed to open stream: No such file or directory in /app/web/wp-content/plugins/colby-openhours/colby-openhours.php on line 15
[23-May-2023 14:36:43 UTC] PHP Warning:  require_once(vendor/autoload.php): Failed to open stream: No such file or directory in /app/web/wp-content/plugins/colby-openhours/colby-openhours.php on line 15
[23-May-2023 14:36:43 UTC] PHP Warning:  require_once(vendor/autoload.php): Failed to open stream: No such file or directory in /app/web/wp-content/plugins/colby-openhours/colby-openhours.php on line 15
[23-May-2023 14:37:13 UTC] PHP Warning:  require_once(vendor/autoload.php): Failed to open stream: No such file or directory in /app/web/wp-content/plugins/colby-openhours/colby-openhours.php on line 15
[23-May-2023 14:37:39 UTC] PHP Warning:  require_once(vendor/autoload.php): Failed to open stream: No such file or directory in /app/web/wp-content/plugins/colby-openhours/colby-openhours.php on line 15
[23-May-2023 14:41:50 UTC] PHP Warning:  require_once(vendor/autoload.php): Failed to open stream: No such file or directory in /app/web/wp-content/plugins/colby-openhours/colby-openhours.php on line 15
[23-May-2023 14:46:13 UTC] PHP Deprecated:  Required parameter $args follows optional parameter $depth in /app/web/wp-content/themes/colbycollege/functions.php on line 437
[23-May-2023 14:46:13 UTC] PHP Deprecated:  Required parameter $output follows optional parameter $depth in /app/web/wp-content/themes/colbycollege/functions.php on line 437
[23-May-2023 11:22:55 America/New_York] PHP Warning:  Undefined array key 5 in /app/web/wp-content/plugins/colby-libraries/templates/library-search.php on line 26
[23-May-2023 11:22:55 America/New_York] PHP Warning:  Undefined array key 6 in /app/web/wp-content/plugins/colby-libraries/templates/library-search.php on line 26
[23-May-2023 11:24:52 America/New_York] PHP Warning:  Undefined array key 5 in /app/web/wp-content/plugins/colby-libraries/templates/library-search.php on line 26
[23-May-2023 11:24:52 America/New_York] PHP Warning:  Undefined array key 6 in /app/web/wp-content/plugins/colby-libraries/templates/library-search.php on line 26
[23-May-2023 11:25:44 America/New_York] PHP Warning:  Undefined array key 5 in /app/web/wp-content/plugins/colby-libraries/templates/library-search.php on line 26
[23-May-2023 11:25:44 America/New_York] PHP Warning:  Undefined array key 6 in /app/web/wp-content/plugins/colby-libraries/templates/library-search.php on line 26
[23-May-2023 11:25:50 America/New_York] PHP Warning:  Undefined array key 5 in /app/web/wp-content/plugins/colby-libraries/templates/library-search.php on line 26
[23-May-2023 11:25:50 America/New_York] PHP Warning:  Undefined array key 6 in /app/web/wp-content/plugins/colby-libraries/templates/library-search.php on line 26
[23-May-2023 11:26:44 America/New_York] PHP Warning:  Undefined array key 5 in /app/web/wp-content/plugins/colby-libraries/templates/library-search.php on line 26
[23-May-2023 11:26:44 America/New_York] PHP Warning:  Undefined array key 6 in /app/web/wp-content/plugins/colby-libraries/templates/library-search.php on line 26
[23-May-2023 11:27:33 America/New_York] PHP Warning:  include(/app/web/wp-content/plugins/colby-libraries/templates/search-tabs/librarysearch.php): Failed to open stream: No such file or directory in /app/web/wp-content/plugins/colby-libraries/templates/library-search.php on line 45
[23-May-2023 11:27:33 America/New_York] PHP Warning:  include(): Failed opening '/app/web/wp-content/plugins/colby-libraries/templates/search-tabs/librarysearch.php' for inclusion (include_path='.:/usr/local/lib/php') in /app/web/wp-content/plugins/colby-libraries/templates/library-search.php on line 45
[23-May-2023 11:27:33 America/New_York] PHP Warning:  include(/app/web/wp-content/plugins/colby-libraries/templates/search-tabs/journals-&-newspapers.php): Failed to open stream: No such file or directory in /app/web/wp-content/plugins/colby-libraries/templates/library-search.php on line 45
[23-May-2023 11:27:33 America/New_York] PHP Warning:  include(): Failed opening '/app/web/wp-content/plugins/colby-libraries/templates/search-tabs/journals-&-newspapers.php' for inclusion (include_path='.:/usr/local/lib/php') in /app/web/wp-content/plugins/colby-libraries/templates/library-search.php on line 45
[23-May-2023 11:27:33 America/New_York] PHP Warning:  include(/app/web/wp-content/plugins/colby-libraries/templates/search-tabs/research-guides.php): Failed to open stream: No such file or directory in /app/web/wp-content/plugins/colby-libraries/templates/library-search.php on line 45
[23-May-2023 11:27:33 America/New_York] PHP Warning:  include(): Failed opening '/app/web/wp-content/plugins/colby-libraries/templates/search-tabs/research-guides.php' for inclusion (include_path='.:/usr/local/lib/php') in /app/web/wp-content/plugins/colby-libraries/templates/library-search.php on line 45
[23-May-2023 11:27:33 America/New_York] PHP Warning:  include(/app/web/wp-content/plugins/colby-libraries/templates/search-tabs/special-collections-&-archives.php): Failed to open stream: No such file or directory in /app/web/wp-content/plugins/colby-libraries/templates/library-search.php on line 45
[23-May-2023 11:27:33 America/New_York] PHP Warning:  include(): Failed opening '/app/web/wp-content/plugins/colby-libraries/templates/search-tabs/special-collections-&-archives.php' for inclusion (include_path='.:/usr/local/lib/php') in /app/web/wp-content/plugins/colby-libraries/templates/library-search.php on line 45
[23-May-2023 11:28:43 America/New_York] PHP Warning:  Undefined array key 5 in /app/web/wp-content/plugins/colby-libraries/templates/library-search.php on line 26
[23-May-2023 11:28:43 America/New_York] PHP Warning:  Undefined array key 6 in /app/web/wp-content/plugins/colby-libraries/templates/library-search.php on line 26
[23-May-2023 11:29:03 America/New_York] PHP Warning:  Undefined array key 5 in /app/web/wp-content/plugins/colby-libraries/templates/library-search.php on line 26
[23-May-2023 11:29:03 America/New_York] PHP Warning:  Undefined array key 6 in /app/web/wp-content/plugins/colby-libraries/templates/library-search.php on line 26
[23-May-2023 11:29:03 America/New_York] PHP Warning:  include(/app/web/wp-content/plugins/colby-libraries/templates/search-tabs/librarysearch.php): Failed to open stream: No such file or directory in /app/web/wp-content/plugins/colby-libraries/templates/library-search.php on line 45
[23-May-2023 11:29:03 America/New_York] PHP Warning:  include(): Failed opening '/app/web/wp-content/plugins/colby-libraries/templates/search-tabs/librarysearch.php' for inclusion (include_path='.:/usr/local/lib/php') in /app/web/wp-content/plugins/colby-libraries/templates/library-search.php on line 45
[23-May-2023 11:30:04 America/New_York] PHP Warning:  include(/app/web/wp-content/plugins/colby-libraries/templates/search-tabs/librarysearch.php): Failed to open stream: No such file or directory in /app/web/wp-content/plugins/colby-libraries/templates/library-search.php on line 45
[23-May-2023 11:30:04 America/New_York] PHP Warning:  include(): Failed opening '/app/web/wp-content/plugins/colby-libraries/templates/search-tabs/librarysearch.php' for inclusion (include_path='.:/usr/local/lib/php') in /app/web/wp-content/plugins/colby-libraries/templates/library-search.php on line 45
[23-May-2023 11:30:04 America/New_York] PHP Warning:  include(/app/web/wp-content/plugins/colby-libraries/templates/search-tabs/journals-&-newspapers.php): Failed to open stream: No such file or directory in /app/web/wp-content/plugins/colby-libraries/templates/library-search.php on line 45
[23-May-2023 11:30:04 America/New_York] PHP Warning:  include(): Failed opening '/app/web/wp-content/plugins/colby-libraries/templates/search-tabs/journals-&-newspapers.php' for inclusion (include_path='.:/usr/local/lib/php') in /app/web/wp-content/plugins/colby-libraries/templates/library-search.php on line 45
[23-May-2023 11:30:04 America/New_York] PHP Warning:  include(/app/web/wp-content/plugins/colby-libraries/templates/search-tabs/research-guides.php): Failed to open stream: No such file or directory in /app/web/wp-content/plugins/colby-libraries/templates/library-search.php on line 45
[23-May-2023 11:30:04 America/New_York] PHP Warning:  include(): Failed opening '/app/web/wp-content/plugins/colby-libraries/templates/search-tabs/research-guides.php' for inclusion (include_path='.:/usr/local/lib/php') in /app/web/wp-content/plugins/colby-libraries/templates/library-search.php on line 45
[23-May-2023 11:30:04 America/New_York] PHP Warning:  include(/app/web/wp-content/plugins/colby-libraries/templates/search-tabs/special-collections-&-archives.php): Failed to open stream: No such file or directory in /app/web/wp-content/plugins/colby-libraries/templates/library-search.php on line 45
[23-May-2023 11:30:04 America/New_York] PHP Warning:  include(): Failed opening '/app/web/wp-content/plugins/colby-libraries/templates/search-tabs/special-collections-&-archives.php' for inclusion (include_path='.:/usr/local/lib/php') in /app/web/wp-content/plugins/colby-libraries/templates/library-search.php on line 45
[23-May-2023 11:33:07 America/New_York] PHP Warning:  include(/app/web/wp-content/plugins/colby-libraries/templates/search-tabs/librarysearcheee.php): Failed to open stream: No such file or directory in /app/web/wp-content/plugins/colby-libraries/templates/library-search.php on line 45
[23-May-2023 11:33:07 America/New_York] PHP Warning:  include(): Failed opening '/app/web/wp-content/plugins/colby-libraries/templates/search-tabs/librarysearcheee.php' for inclusion (include_path='.:/usr/local/lib/php') in /app/web/wp-content/plugins/colby-libraries/templates/library-search.php on line 45
[23-May-2023 11:33:07 America/New_York] PHP Warning:  include(/app/web/wp-content/plugins/colby-libraries/templates/search-tabs/journals-&-newspapers.php): Failed to open stream: No such file or directory in /app/web/wp-content/plugins/colby-libraries/templates/library-search.php on line 45
[23-May-2023 11:33:07 America/New_York] PHP Warning:  include(): Failed opening '/app/web/wp-content/plugins/colby-libraries/templates/search-tabs/journals-&-newspapers.php' for inclusion (include_path='.:/usr/local/lib/php') in /app/web/wp-content/plugins/colby-libraries/templates/library-search.php on line 45
[23-May-2023 11:33:07 America/New_York] PHP Warning:  include(/app/web/wp-content/plugins/colby-libraries/templates/search-tabs/research-guides.php): Failed to open stream: No such file or directory in /app/web/wp-content/plugins/colby-libraries/templates/library-search.php on line 45
[23-May-2023 11:33:07 America/New_York] PHP Warning:  include(): Failed opening '/app/web/wp-content/plugins/colby-libraries/templates/search-tabs/research-guides.php' for inclusion (include_path='.:/usr/local/lib/php') in /app/web/wp-content/plugins/colby-libraries/templates/library-search.php on line 45
[23-May-2023 11:33:07 America/New_York] PHP Warning:  include(/app/web/wp-content/plugins/colby-libraries/templates/search-tabs/special-collections-&-archives.php): Failed to open stream: No such file or directory in /app/web/wp-content/plugins/colby-libraries/templates/library-search.php on line 45
[23-May-2023 11:33:07 America/New_York] PHP Warning:  include(): Failed opening '/app/web/wp-content/plugins/colby-libraries/templates/search-tabs/special-collections-&-archives.php' for inclusion (include_path='.:/usr/local/lib/php') in /app/web/wp-content/plugins/colby-libraries/templates/library-search.php on line 45
[23-May-2023 11:33:29 America/New_York] PHP Warning:  include(/app/web/wp-content/plugins/colby-libraries/templates/search-tabs/librarysearch.php): Failed to open stream: No such file or directory in /app/web/wp-content/plugins/colby-libraries/templates/library-search.php on line 45
[23-May-2023 11:33:29 America/New_York] PHP Warning:  include(): Failed opening '/app/web/wp-content/plugins/colby-libraries/templates/search-tabs/librarysearch.php' for inclusion (include_path='.:/usr/local/lib/php') in /app/web/wp-content/plugins/colby-libraries/templates/library-search.php on line 45
[23-May-2023 11:33:29 America/New_York] PHP Warning:  include(/app/web/wp-content/plugins/colby-libraries/templates/search-tabs/journals-&-newspapers.php): Failed to open stream: No such file or directory in /app/web/wp-content/plugins/colby-libraries/templates/library-search.php on line 45
[23-May-2023 11:33:29 America/New_York] PHP Warning:  include(): Failed opening '/app/web/wp-content/plugins/colby-libraries/templates/search-tabs/journals-&-newspapers.php' for inclusion (include_path='.:/usr/local/lib/php') in /app/web/wp-content/plugins/colby-libraries/templates/library-search.php on line 45
[23-May-2023 11:33:29 America/New_York] PHP Warning:  include(/app/web/wp-content/plugins/colby-libraries/templates/search-tabs/research-guides.php): Failed to open stream: No such file or directory in /app/web/wp-content/plugins/colby-libraries/templates/library-search.php on line 45
[23-May-2023 11:33:29 America/New_York] PHP Warning:  include(): Failed opening '/app/web/wp-content/plugins/colby-libraries/templates/search-tabs/research-guides.php' for inclusion (include_path='.:/usr/local/lib/php') in /app/web/wp-content/plugins/colby-libraries/templates/library-search.php on line 45
[23-May-2023 11:33:29 America/New_York] PHP Warning:  include(/app/web/wp-content/plugins/colby-libraries/templates/search-tabs/special-collections-&-archives.php): Failed to open stream: No such file or directory in /app/web/wp-content/plugins/colby-libraries/templates/library-search.php on line 45
[23-May-2023 11:33:29 America/New_York] PHP Warning:  include(): Failed opening '/app/web/wp-content/plugins/colby-libraries/templates/search-tabs/special-collections-&-archives.php' for inclusion (include_path='.:/usr/local/lib/php') in /app/web/wp-content/plugins/colby-libraries/templates/library-search.php on line 45
[23-May-2023 11:34:27 America/New_York] PHP Warning:  include(/app/web/wp-content/plugins/colby-libraries/templates/search-tabs/journals-&-newspapers.php): Failed to open stream: No such file or directory in /app/web/wp-content/plugins/colby-libraries/templates/library-search.php on line 45
[23-May-2023 11:34:27 America/New_York] PHP Warning:  include(): Failed opening '/app/web/wp-content/plugins/colby-libraries/templates/search-tabs/journals-&-newspapers.php' for inclusion (include_path='.:/usr/local/lib/php') in /app/web/wp-content/plugins/colby-libraries/templates/library-search.php on line 45
[23-May-2023 11:34:27 America/New_York] PHP Warning:  include(/app/web/wp-content/plugins/colby-libraries/templates/search-tabs/research-guides.php): Failed to open stream: No such file or directory in /app/web/wp-content/plugins/colby-libraries/templates/library-search.php on line 45
[23-May-2023 11:34:27 America/New_York] PHP Warning:  include(): Failed opening '/app/web/wp-content/plugins/colby-libraries/templates/search-tabs/research-guides.php' for inclusion (include_path='.:/usr/local/lib/php') in /app/web/wp-content/plugins/colby-libraries/templates/library-search.php on line 45
[23-May-2023 11:34:27 America/New_York] PHP Warning:  include(/app/web/wp-content/plugins/colby-libraries/templates/search-tabs/special-collections-&-archives.php): Failed to open stream: No such file or directory in /app/web/wp-content/plugins/colby-libraries/templates/library-search.php on line 45
[23-May-2023 11:34:27 America/New_York] PHP Warning:  include(): Failed opening '/app/web/wp-content/plugins/colby-libraries/templates/search-tabs/special-collections-&-archives.php' for inclusion (include_path='.:/usr/local/lib/php') in /app/web/wp-content/plugins/colby-libraries/templates/library-search.php on line 45
[23-May-2023 11:54:27 America/New_York] PHP Warning:  include(/app/web/wp-content/plugins/colby-libraries/templates/search-tabs/journals-&-newspapers.php): Failed to open stream: No such file or directory in /app/web/wp-content/plugins/colby-libraries/templates/library-search.php on line 45
[23-May-2023 11:54:27 America/New_York] PHP Warning:  include(): Failed opening '/app/web/wp-content/plugins/colby-libraries/templates/search-tabs/journals-&-newspapers.php' for inclusion (include_path='.:/usr/local/lib/php') in /app/web/wp-content/plugins/colby-libraries/templates/library-search.php on line 45
[23-May-2023 11:54:27 America/New_York] PHP Warning:  include(/app/web/wp-content/plugins/colby-libraries/templates/search-tabs/research-guides.php): Failed to open stream: No such file or directory in /app/web/wp-content/plugins/colby-libraries/templates/library-search.php on line 45
[23-May-2023 11:54:28 America/New_York] PHP Warning:  include(): Failed opening '/app/web/wp-content/plugins/colby-libraries/templates/search-tabs/research-guides.php' for inclusion (include_path='.:/usr/local/lib/php') in /app/web/wp-content/plugins/colby-libraries/templates/library-search.php on line 45
[23-May-2023 11:54:28 America/New_York] PHP Warning:  include(/app/web/wp-content/plugins/colby-libraries/templates/search-tabs/special-collections-&-archives.php): Failed to open stream: No such file or directory in /app/web/wp-content/plugins/colby-libraries/templates/library-search.php on line 45
[23-May-2023 11:54:28 America/New_York] PHP Warning:  include(): Failed opening '/app/web/wp-content/plugins/colby-libraries/templates/search-tabs/special-collections-&-archives.php' for inclusion (include_path='.:/usr/local/lib/php') in /app/web/wp-content/plugins/colby-libraries/templates/library-search.php on line 45
[23-May-2023 11:54:50 America/New_York] PHP Warning:  include(/app/web/wp-content/plugins/colby-libraries/templates/search-tabs/journals-&-newspapers.php): Failed to open stream: No such file or directory in /app/web/wp-content/plugins/colby-libraries/templates/library-search.php on line 45
[23-May-2023 11:54:50 America/New_York] PHP Warning:  include(): Failed opening '/app/web/wp-content/plugins/colby-libraries/templates/search-tabs/journals-&-newspapers.php' for inclusion (include_path='.:/usr/local/lib/php') in /app/web/wp-content/plugins/colby-libraries/templates/library-search.php on line 45
[23-May-2023 11:54:50 America/New_York] PHP Warning:  include(/app/web/wp-content/plugins/colby-libraries/templates/search-tabs/research-guides.php): Failed to open stream: No such file or directory in /app/web/wp-content/plugins/colby-libraries/templates/library-search.php on line 45
[23-May-2023 11:54:50 America/New_York] PHP Warning:  include(): Failed opening '/app/web/wp-content/plugins/colby-libraries/templates/search-tabs/research-guides.php' for inclusion (include_path='.:/usr/local/lib/php') in /app/web/wp-content/plugins/colby-libraries/templates/library-search.php on line 45
[23-May-2023 11:54:50 America/New_York] PHP Warning:  include(/app/web/wp-content/plugins/colby-libraries/templates/search-tabs/special-collections-&-archives.php): Failed to open stream: No such file or directory in /app/web/wp-content/plugins/colby-libraries/templates/library-search.php on line 45
[23-May-2023 11:54:50 America/New_York] PHP Warning:  include(): Failed opening '/app/web/wp-content/plugins/colby-libraries/templates/search-tabs/special-collections-&-archives.php' for inclusion (include_path='.:/usr/local/lib/php') in /app/web/wp-content/plugins/colby-libraries/templates/library-search.php on line 45
[23-May-2023 11:56:06 America/New_York] PHP Warning:  include(/app/web/wp-content/plugins/colby-libraries/templates/search-tabs/journals-&-newspapers.php): Failed to open stream: No such file or directory in /app/web/wp-content/plugins/colby-libraries/templates/library-search.php on line 45
[23-May-2023 11:56:06 America/New_York] PHP Warning:  include(): Failed opening '/app/web/wp-content/plugins/colby-libraries/templates/search-tabs/journals-&-newspapers.php' for inclusion (include_path='.:/usr/local/lib/php') in /app/web/wp-content/plugins/colby-libraries/templates/library-search.php on line 45
[23-May-2023 11:56:06 America/New_York] PHP Warning:  include(/app/web/wp-content/plugins/colby-libraries/templates/search-tabs/research-guides.php): Failed to open stream: No such file or directory in /app/web/wp-content/plugins/colby-libraries/templates/library-search.php on line 45
[23-May-2023 11:56:06 America/New_York] PHP Warning:  include(): Failed opening '/app/web/wp-content/plugins/colby-libraries/templates/search-tabs/research-guides.php' for inclusion (include_path='.:/usr/local/lib/php') in /app/web/wp-content/plugins/colby-libraries/templates/library-search.php on line 45
[23-May-2023 11:56:06 America/New_York] PHP Warning:  include(/app/web/wp-content/plugins/colby-libraries/templates/search-tabs/special-collections-&-archives.php): Failed to open stream: No such file or directory in /app/web/wp-content/plugins/colby-libraries/templates/library-search.php on line 45
[23-May-2023 11:56:06 America/New_York] PHP Warning:  include(): Failed opening '/app/web/wp-content/plugins/colby-libraries/templates/search-tabs/special-collections-&-archives.php' for inclusion (include_path='.:/usr/local/lib/php') in /app/web/wp-content/plugins/colby-libraries/templates/library-search.php on line 45
[23-May-2023 11:57:37 America/New_York] PHP Warning:  include(/app/web/wp-content/plugins/colby-libraries/templates/search-tabs/journals-&-newspapers.php): Failed to open stream: No such file or directory in /app/web/wp-content/plugins/colby-libraries/templates/library-search.php on line 45
[23-May-2023 11:57:37 America/New_York] PHP Warning:  include(): Failed opening '/app/web/wp-content/plugins/colby-libraries/templates/search-tabs/journals-&-newspapers.php' for inclusion (include_path='.:/usr/local/lib/php') in /app/web/wp-content/plugins/colby-libraries/templates/library-search.php on line 45
[23-May-2023 11:57:37 America/New_York] PHP Warning:  include(/app/web/wp-content/plugins/colby-libraries/templates/search-tabs/research-guides.php): Failed to open stream: No such file or directory in /app/web/wp-content/plugins/colby-libraries/templates/library-search.php on line 45
[23-May-2023 11:57:37 America/New_York] PHP Warning:  include(): Failed opening '/app/web/wp-content/plugins/colby-libraries/templates/search-tabs/research-guides.php' for inclusion (include_path='.:/usr/local/lib/php') in /app/web/wp-content/plugins/colby-libraries/templates/library-search.php on line 45
[23-May-2023 11:57:37 America/New_York] PHP Warning:  include(/app/web/wp-content/plugins/colby-libraries/templates/search-tabs/special-collections-&-archives.php): Failed to open stream: No such file or directory in /app/web/wp-content/plugins/colby-libraries/templates/library-search.php on line 45
[23-May-2023 11:57:37 America/New_York] PHP Warning:  include(): Failed opening '/app/web/wp-content/plugins/colby-libraries/templates/search-tabs/special-collections-&-archives.php' for inclusion (include_path='.:/usr/local/lib/php') in /app/web/wp-content/plugins/colby-libraries/templates/library-search.php on line 45
[23-May-2023 11:59:46 America/New_York] PHP Warning:  include(/app/web/wp-content/plugins/colby-libraries/templates/search-tabs/journals-&-newspapers.php): Failed to open stream: No such file or directory in /app/web/wp-content/plugins/colby-libraries/templates/library-search.php on line 45
[23-May-2023 11:59:46 America/New_York] PHP Warning:  include(): Failed opening '/app/web/wp-content/plugins/colby-libraries/templates/search-tabs/journals-&-newspapers.php' for inclusion (include_path='.:/usr/local/lib/php') in /app/web/wp-content/plugins/colby-libraries/templates/library-search.php on line 45
[23-May-2023 11:59:46 America/New_York] PHP Warning:  include(/app/web/wp-content/plugins/colby-libraries/templates/search-tabs/research-guides.php): Failed to open stream: No such file or directory in /app/web/wp-content/plugins/colby-libraries/templates/library-search.php on line 45
[23-May-2023 11:59:46 America/New_York] PHP Warning:  include(): Failed opening '/app/web/wp-content/plugins/colby-libraries/templates/search-tabs/research-guides.php' for inclusion (include_path='.:/usr/local/lib/php') in /app/web/wp-content/plugins/colby-libraries/templates/library-search.php on line 45
[23-May-2023 11:59:46 America/New_York] PHP Warning:  include(/app/web/wp-content/plugins/colby-libraries/templates/search-tabs/special-collections-&-archives.php): Failed to open stream: No such file or directory in /app/web/wp-content/plugins/colby-libraries/templates/library-search.php on line 45
[23-May-2023 11:59:46 America/New_York] PHP Warning:  include(): Failed opening '/app/web/wp-content/plugins/colby-libraries/templates/search-tabs/special-collections-&-archives.php' for inclusion (include_path='.:/usr/local/lib/php') in /app/web/wp-content/plugins/colby-libraries/templates/library-search.php on line 45
[23-May-2023 12:00:36 America/New_York] PHP Warning:  include(/app/web/wp-content/plugins/colby-libraries/templates/search-tabs/research-guides.php): Failed to open stream: No such file or directory in /app/web/wp-content/plugins/colby-libraries/templates/library-search.php on line 45
[23-May-2023 12:00:36 America/New_York] PHP Warning:  include(): Failed opening '/app/web/wp-content/plugins/colby-libraries/templates/search-tabs/research-guides.php' for inclusion (include_path='.:/usr/local/lib/php') in /app/web/wp-content/plugins/colby-libraries/templates/library-search.php on line 45
[23-May-2023 12:00:36 America/New_York] PHP Warning:  include(/app/web/wp-content/plugins/colby-libraries/templates/search-tabs/special-collections-&-archives.php): Failed to open stream: No such file or directory in /app/web/wp-content/plugins/colby-libraries/templates/library-search.php on line 45
[23-May-2023 12:00:36 America/New_York] PHP Warning:  include(): Failed opening '/app/web/wp-content/plugins/colby-libraries/templates/search-tabs/special-collections-&-archives.php' for inclusion (include_path='.:/usr/local/lib/php') in /app/web/wp-content/plugins/colby-libraries/templates/library-search.php on line 45
